{
  "RSpec": {
    "coverage": {
      "C:/Users/samue/OneDrive/Documentos/IFPB/Escambo-House/app/models/user.rb": {
        "lines": [
          1,
          1,
          1,
          1,
          null,
          1,
          1,
          1,
          null,
          null,
          null,
          1,
          null,
          null
        ]
      },
      "C:/Users/samue/OneDrive/Documentos/IFPB/Escambo-House/app/models/application_record.rb": {
        "lines": [
          1,
          1,
          null
        ]
      },
      "C:/Users/samue/OneDrive/Documentos/IFPB/Escambo-House/app/helpers/application_helper.rb": {
        "lines": [
          1,
          null
        ]
      },
      "C:/Users/samue/OneDrive/Documentos/IFPB/Escambo-House/app/helpers/dashboard_helper.rb": {
        "lines": [
          1,
          null
        ]
      },
      "C:/Users/samue/OneDrive/Documentos/IFPB/Escambo-House/app/helpers/exchanges_helper.rb": {
        "lines": [
          1,
          null
        ]
      },
      "C:/Users/samue/OneDrive/Documentos/IFPB/Escambo-House/app/helpers/home_helper.rb": {
        "lines": [
          1,
          null
        ]
      },
      "C:/Users/samue/OneDrive/Documentos/IFPB/Escambo-House/app/helpers/marketplace_services_helper.rb": {
        "lines": [
          1,
          null
        ]
      },
      "C:/Users/samue/OneDrive/Documentos/IFPB/Escambo-House/app/helpers/services_helper.rb": {
        "lines": [
          1,
          null
        ]
      },
      "C:/Users/samue/OneDrive/Documentos/IFPB/Escambo-House/app/controllers/application_controller.rb": {
        "lines": [
          1,
          null,
          1,
          null,
          1,
          null,
          1,
          null,
          1,
          null,
          2,
          2,
          null,
          null
        ]
      },
      "C:/Users/samue/OneDrive/Documentos/IFPB/Escambo-House/app/controllers/dashboard_controller.rb": {
        "lines": [
          1,
          1,
          null,
          1,
          null,
          null
        ]
      },
      "C:/Users/samue/OneDrive/Documentos/IFPB/Escambo-House/app/controllers/exchanges_controller.rb": {
        "lines": [
          1,
          1,
          1,
          1,
          null,
          1,
          0,
          null,
          0,
          null,
          null,
          1,
          0,
          0,
          null,
          null,
          0,
          0,
          null,
          null,
          null,
          1,
          0,
          0,
          0,
          null,
          0,
          0,
          null,
          0,
          0,
          null,
          0,
          0,
          0,
          null,
          null,
          null,
          1,
          0,
          null,
          null,
          1,
          0,
          0,
          null,
          0,
          null,
          null,
          null,
          null,
          1,
          0,
          0,
          null,
          null,
          1,
          null,
          1,
          3,
          null,
          null,
          1,
          0,
          null,
          null
        ]
      },
      "C:/Users/samue/OneDrive/Documentos/IFPB/Escambo-House/app/controllers/home_controller.rb": {
        "lines": [
          1,
          1,
          null,
          null
        ]
      },
      "C:/Users/samue/OneDrive/Documentos/IFPB/Escambo-House/app/controllers/marketplace_services_controller.rb": {
        "lines": [
          1,
          1,
          1,
          0,
          null,
          null
        ]
      },
      "C:/Users/samue/OneDrive/Documentos/IFPB/Escambo-House/app/controllers/services_controller.rb": {
        "lines": [
          1,
          1,
          null,
          1,
          null,
          0,
          null,
          null,
          1,
          0,
          null,
          null,
          1,
          0,
          0,
          0,
          null,
          0,
          null,
          null,
          null,
          1,
          0,
          null,
          null,
          1,
          0,
          0,
          0,
          null,
          0,
          null,
          null,
          null,
          1,
          0,
          0,
          0,
          null,
          null,
          1,
          null,
          1,
          0,
          null,
          null
        ]
      },
      "C:/Users/samue/OneDrive/Documentos/IFPB/Escambo-House/app/models/ability.rb": {
        "lines": [
          null,
          null,
          1,
          1,
          null,
          1,
          null,
          2,
          null,
          0,
          null,
          null,
          0,
          null,
          null,
          0,
          null,
          null,
          0,
          0,
          null,
          null,
          null,
          2,
          null,
          null,
          null
        ]
      },
      "C:/Users/samue/OneDrive/Documentos/IFPB/Escambo-House/app/jobs/application_job.rb": {
        "lines": [
          1,
          null,
          null,
          null,
          null,
          null,
          null
        ]
      },
      "C:/Users/samue/OneDrive/Documentos/IFPB/Escambo-House/app/mailers/application_mailer.rb": {
        "lines": [
          1,
          1,
          1,
          null
        ]
      },
      "C:/Users/samue/OneDrive/Documentos/IFPB/Escambo-House/app/models/exchange.rb": {
        "lines": [
          1,
          1,
          1,
          1,
          1,
          null,
          1,
          1,
          1,
          1,
          null
        ]
      },
      "C:/Users/samue/OneDrive/Documentos/IFPB/Escambo-House/app/models/service.rb": {
        "lines": [
          1,
          1,
          null,
          null,
          1,
          null,
          null,
          null,
          null,
          null,
          null,
          null,
          null,
          null,
          null,
          null,
          null,
          1,
          1,
          1,
          null
        ]
      },
      "C:/Users/samue/OneDrive/Documentos/IFPB/Escambo-House/app/channels/application_cable/channel.rb": {
        "lines": [
          0,
          0,
          0,
          0
        ],
        "branches": {
        }
      },
      "C:/Users/samue/OneDrive/Documentos/IFPB/Escambo-House/app/channels/application_cable/connection.rb": {
        "lines": [
          0,
          0,
          0,
          0
        ],
        "branches": {
        }
      }
    },
    "timestamp": 1727835680
  }
}
